000 (6127.025.000) 02/13 12:36:11 Job submitted from host: <128.83.144.201:48296>
...
001 (6127.025.000) 02/13 12:48:29 Job executing on host: <128.83.144.152:38469>
...
006 (6127.025.000) 02/13 12:48:38 Image size of job updated: 43156
...
005 (6127.025.000) 02/13 12:49:31 Job terminated.
	(1) Normal termination (return value 0)
		Usr 0 00:00:50, Sys 0 00:00:00  -  Run Remote Usage
		Usr 0 00:00:00, Sys 0 00:00:00  -  Run Local Usage
		Usr 0 00:00:50, Sys 0 00:00:00  -  Total Remote Usage
		Usr 0 00:00:00, Sys 0 00:00:00  -  Total Local Usage
	0  -  Run Bytes Sent By Job
	0  -  Run Bytes Received By Job
	0  -  Total Bytes Sent By Job
	0  -  Total Bytes Received By Job
...
000 (6139.025.000) 02/13 14:19:22 Job submitted from host: <128.83.144.201:48296>
...
001 (6139.025.000) 02/13 14:19:48 Job executing on host: <128.83.144.59:56869>
...
006 (6139.025.000) 02/13 14:19:57 Image size of job updated: 7572
...
006 (6139.025.000) 02/13 14:20:45 Image size of job updated: 43156
...
005 (6139.025.000) 02/13 14:20:45 Job terminated.
	(1) Normal termination (return value 0)
		Usr 0 00:00:44, Sys 0 00:00:00  -  Run Remote Usage
		Usr 0 00:00:00, Sys 0 00:00:00  -  Run Local Usage
		Usr 0 00:00:44, Sys 0 00:00:00  -  Total Remote Usage
		Usr 0 00:00:00, Sys 0 00:00:00  -  Total Local Usage
	0  -  Run Bytes Sent By Job
	0  -  Run Bytes Received By Job
	0  -  Total Bytes Sent By Job
	0  -  Total Bytes Received By Job
...
