000 (6127.011.000) 02/13 12:36:11 Job submitted from host: <128.83.144.201:48296>
...
001 (6127.011.000) 02/13 12:48:10 Job executing on host: <128.83.144.56:54255>
...
006 (6127.011.000) 02/13 12:48:19 Image size of job updated: 43156
...
005 (6127.011.000) 02/13 12:49:14 Job terminated.
	(1) Normal termination (return value 0)
		Usr 0 00:00:50, Sys 0 00:00:00  -  Run Remote Usage
		Usr 0 00:00:00, Sys 0 00:00:00  -  Run Local Usage
		Usr 0 00:00:50, Sys 0 00:00:00  -  Total Remote Usage
		Usr 0 00:00:00, Sys 0 00:00:00  -  Total Local Usage
	0  -  Run Bytes Sent By Job
	0  -  Run Bytes Received By Job
	0  -  Total Bytes Sent By Job
	0  -  Total Bytes Received By Job
...
000 (6139.011.000) 02/13 14:19:22 Job submitted from host: <128.83.144.201:48296>
...
001 (6139.011.000) 02/13 14:19:47 Job executing on host: <128.83.144.12:44329>
...
006 (6139.011.000) 02/13 14:19:55 Image size of job updated: 13660
...
006 (6139.011.000) 02/13 14:20:43 Image size of job updated: 43156
...
005 (6139.011.000) 02/13 14:20:43 Job terminated.
	(1) Normal termination (return value 0)
		Usr 0 00:00:44, Sys 0 00:00:00  -  Run Remote Usage
		Usr 0 00:00:00, Sys 0 00:00:00  -  Run Local Usage
		Usr 0 00:00:44, Sys 0 00:00:00  -  Total Remote Usage
		Usr 0 00:00:00, Sys 0 00:00:00  -  Total Local Usage
	0  -  Run Bytes Sent By Job
	0  -  Run Bytes Received By Job
	0  -  Total Bytes Sent By Job
	0  -  Total Bytes Received By Job
...
