000 (6127.007.000) 02/13 12:36:11 Job submitted from host: <128.83.144.201:48296>
...
001 (6127.007.000) 02/13 12:48:06 Job executing on host: <128.83.144.101:39195>
...
006 (6127.007.000) 02/13 12:48:15 Image size of job updated: 43152
...
005 (6127.007.000) 02/13 12:49:12 Job terminated.
	(1) Normal termination (return value 0)
		Usr 0 00:00:57, Sys 0 00:00:00  -  Run Remote Usage
		Usr 0 00:00:00, Sys 0 00:00:00  -  Run Local Usage
		Usr 0 00:00:57, Sys 0 00:00:00  -  Total Remote Usage
		Usr 0 00:00:00, Sys 0 00:00:00  -  Total Local Usage
	0  -  Run Bytes Sent By Job
	0  -  Run Bytes Received By Job
	0  -  Total Bytes Sent By Job
	0  -  Total Bytes Received By Job
...
000 (6139.007.000) 02/13 14:19:21 Job submitted from host: <128.83.144.201:48296>
...
001 (6139.007.000) 02/13 14:19:47 Job executing on host: <128.83.144.53:55871>
...
006 (6139.007.000) 02/13 14:19:56 Image size of job updated: 43160
...
005 (6139.007.000) 02/13 14:20:50 Job terminated.
	(1) Normal termination (return value 0)
		Usr 0 00:01:02, Sys 0 00:00:00  -  Run Remote Usage
		Usr 0 00:00:00, Sys 0 00:00:00  -  Run Local Usage
		Usr 0 00:01:02, Sys 0 00:00:00  -  Total Remote Usage
		Usr 0 00:00:00, Sys 0 00:00:00  -  Total Local Usage
	0  -  Run Bytes Sent By Job
	0  -  Run Bytes Received By Job
	0  -  Total Bytes Sent By Job
	0  -  Total Bytes Received By Job
...
