000 (6127.026.000) 02/13 12:36:11 Job submitted from host: <128.83.144.201:48296>
...
001 (6127.026.000) 02/13 12:48:30 Job executing on host: <128.83.144.101:39195>
...
006 (6127.026.000) 02/13 12:48:39 Image size of job updated: 43160
...
005 (6127.026.000) 02/13 12:49:37 Job terminated.
	(1) Normal termination (return value 0)
		Usr 0 00:01:03, Sys 0 00:00:00  -  Run Remote Usage
		Usr 0 00:00:00, Sys 0 00:00:00  -  Run Local Usage
		Usr 0 00:01:03, Sys 0 00:00:00  -  Total Remote Usage
		Usr 0 00:00:00, Sys 0 00:00:00  -  Total Local Usage
	0  -  Run Bytes Sent By Job
	0  -  Run Bytes Received By Job
	0  -  Total Bytes Sent By Job
	0  -  Total Bytes Received By Job
...
000 (6139.026.000) 02/13 14:19:22 Job submitted from host: <128.83.144.201:48296>
...
001 (6139.026.000) 02/13 14:19:48 Job executing on host: <128.83.144.59:56869>
...
006 (6139.026.000) 02/13 14:20:51 Image size of job updated: 43156
...
005 (6139.026.000) 02/13 14:20:51 Job terminated.
	(1) Normal termination (return value 0)
		Usr 0 00:00:59, Sys 0 00:00:00  -  Run Remote Usage
		Usr 0 00:00:00, Sys 0 00:00:00  -  Run Local Usage
		Usr 0 00:00:59, Sys 0 00:00:00  -  Total Remote Usage
		Usr 0 00:00:00, Sys 0 00:00:00  -  Total Local Usage
	0  -  Run Bytes Sent By Job
	0  -  Run Bytes Received By Job
	0  -  Total Bytes Sent By Job
	0  -  Total Bytes Received By Job
...
