000 (6127.013.000) 02/13 12:36:11 Job submitted from host: <128.83.144.201:48296>
...
001 (6127.013.000) 02/13 12:48:15 Job executing on host: <128.83.144.75:56850>
...
005 (6127.013.000) 02/13 12:48:16 Job terminated.
	(1) Normal termination (return value 1)
		Usr 0 00:00:00, Sys 0 00:00:00  -  Run Remote Usage
		Usr 0 00:00:00, Sys 0 00:00:00  -  Run Local Usage
		Usr 0 00:00:00, Sys 0 00:00:00  -  Total Remote Usage
		Usr 0 00:00:00, Sys 0 00:00:00  -  Total Local Usage
	0  -  Run Bytes Sent By Job
	0  -  Run Bytes Received By Job
	0  -  Total Bytes Sent By Job
	0  -  Total Bytes Received By Job
...
000 (6139.013.000) 02/13 14:19:22 Job submitted from host: <128.83.144.201:48296>
...
001 (6139.013.000) 02/13 14:19:47 Job executing on host: <128.83.144.49:47357>
...
006 (6139.013.000) 02/13 14:19:55 Image size of job updated: 14176
...
006 (6139.013.000) 02/13 14:20:48 Image size of job updated: 43160
...
005 (6139.013.000) 02/13 14:20:48 Job terminated.
	(1) Normal termination (return value 0)
		Usr 0 00:00:59, Sys 0 00:00:00  -  Run Remote Usage
		Usr 0 00:00:00, Sys 0 00:00:00  -  Run Local Usage
		Usr 0 00:00:59, Sys 0 00:00:00  -  Total Remote Usage
		Usr 0 00:00:00, Sys 0 00:00:00  -  Total Local Usage
	0  -  Run Bytes Sent By Job
	0  -  Run Bytes Received By Job
	0  -  Total Bytes Sent By Job
	0  -  Total Bytes Received By Job
...
